<?xml version="1.0" encoding="UTF-8"?>
<!-- Generated by org.testng.reporters.JUnitXMLReporter -->
<testsuite ignored="0" hostname="DESKTOP-8H6GSNR" failures="0" tests="2" name="BetterPlace WebApp Test" time="0.437" errors="0" timestamp="2021-09-02T12:09:27 CEST">
  <testcase classname="testNG_Engine.DriverFactory" name="@BeforeClass setup" time="-1.630577367058E9">
    <failure type="org.testng.TestNGException" message="
Parameter &amp;apos;pageURL&amp;apos; is required by BeforeClass on method setup but has not been marked @Optional or defined
in C:\Users\dario\eclipse-workspace\BetterPlace\TestNG_TestRunner.xml">
      <![CDATA[org.testng.TestNGException: 
Parameter 'pageURL' is required by BeforeClass on method setup but has not been marked @Optional or defined
in C:\Users\dario\eclipse-workspace\BetterPlace\TestNG_TestRunner.xml
at java.base/java.util.ArrayList.forEach(ArrayList.java:1541)
... Removed 22 stack frames]]>
    </failure>
  </testcase> <!-- @BeforeClass setup -->
  <testcase classname="testNG_Engine.DriverFactory" name="@AfterTest tarDown" time="0.003">
    <failure type="java.lang.NullPointerException">
      <![CDATA[java.lang.NullPointerException
at testNG_Engine.DriverFactory.tarDown(DriverFactory.java:78)
... Removed 24 stack frames]]>
    </failure>
  </testcase> <!-- @AfterTest tarDown -->
  <testcase classname="betterplace.testCases.WebApplicationTests" name="t01_DonationFormPageUI" time="0.0">
    <skipped/>
  </testcase> <!-- t01_DonationFormPageUI -->
  <testcase classname="betterplace.testCases.WebApplicationTests" name="t02_DonationFormFill" time="0.0">
    <skipped/>
  </testcase> <!-- t02_DonationFormFill -->
</testsuite> <!-- BetterPlace WebApp Test -->
